INFO: scanning Nose Wheel Steering
INFO: scanning Front Tire Rotation Arm
INFO: scanning Front Wheel
INFO: scanning Front Tire
INFO: scanning Nose Gear Strut
INFO: scanning Dashboard
INFO: scanning Cockpit
INFO: scanning Right Tire Rotation Arm
INFO: scanning Right Wheel
INFO: scanning Right Tire
INFO: scanning Left Tire Rotation Arm
INFO: scanning Left Wheel
INFO: scanning Left Tire
INFO: scanning Aileron
INFO: scanning Flap
INFO: scanning Wing
INFO: scanning Main Gear Strut
INFO: scanning Rear Window
INFO: scanning Area Lighting
INFO: scanning Side Window
INFO: scanning Front Window
INFO: scanning Camera
INFO: scanning Ground
INFO: scanning Sun
INFO: scanning Wing Strut
INFO: scanning Fuselage
INFO: scanning Horizontal Stabilizer
INFO: scanning Elevator Trim Tab
INFO: scanning Elevator
INFO: scanning Rudder
INFO: 	 Nose Wheel Steering: adding to list
INFO: 	 Front Tire Rotation Arm: adding to list
INFO: 	 Front Wheel: adding to list
INFO: 	 Front Tire: adding to list
INFO: 	 Nose Gear Strut: adding to list
INFO: 	 Right Tire Rotation Arm: adding to list
INFO: 	 Right Wheel: adding to list
INFO: 	 Right Tire: adding to list
INFO: 	 Left Tire Rotation Arm: adding to list
INFO: 	 Left Wheel: adding to list
INFO: 	 Left Tire: adding to list
INFO: 	 Aileron: adding to list
INFO: 	 Flap: adding to list
INFO: 	 Wing: adding to list
INFO: 	 Main Gear Strut: adding to list
INFO: 	 Wing Strut: adding to list
INFO: 	 Fuselage: adding to list
INFO: 	 Horizontal Stabilizer: adding to list
INFO: 	 Elevator Trim Tab: adding to list
INFO: 	 Elevator: adding to list
INFO: 	 Rudder: adding to list
INFO: 		 checking animations of Nose Wheel Steering
INFO: 		 animation found
INFO: 		 checking FCurve pose.bones["Bone"].rotation_quaternion Group: <bpy_struct, ActionGroup("Bone")>
INFO: 		 checking FCurve pose.bones["Bone"].rotation_quaternion Group: <bpy_struct, ActionGroup("Bone")>
INFO: 		 checking FCurve pose.bones["Bone"].rotation_quaternion Group: <bpy_struct, ActionGroup("Bone")>
INFO: 		 checking FCurve pose.bones["Bone"].rotation_quaternion Group: <bpy_struct, ActionGroup("Bone")>
INFO: 		 checking animations of Nose Wheel Steering:Bone
INFO: 		 animation found
INFO: 		 checking FCurve bones["Bone"].xplane.datarefs[0].value Group: <bpy_struct, ActionGroup("XPlane Datarefs Bone")>
INFO: 		 adding dataref animation: sim/flightmodel2/gear/tire_steer_actual_deg[0]
INFO: 		 adding keyframe:  0.000
INFO: 		 adding keyframe:  1.000
INFO: 		 checking animations of Front Tire Rotation Arm
INFO: 		 animation found
INFO: 		 checking FCurve pose.bones["Front Tire Rotation"].rotation_quaternion Group: <bpy_struct, ActionGroup("Front Tire Rotation")>
INFO: 		 checking FCurve pose.bones["Front Tire Rotation"].rotation_quaternion Group: <bpy_struct, ActionGroup("Front Tire Rotation")>
INFO: 		 checking FCurve pose.bones["Front Tire Rotation"].rotation_quaternion Group: <bpy_struct, ActionGroup("Front Tire Rotation")>
INFO: 		 checking FCurve pose.bones["Front Tire Rotation"].rotation_quaternion Group: <bpy_struct, ActionGroup("Front Tire Rotation")>
INFO: 		 checking animations of Front Tire Rotation Arm:Front Tire Rotation
INFO: 		 animation found
INFO: 		 checking FCurve bones["Front Tire Rotation"].xplane.datarefs[0].value Group: <bpy_struct, ActionGroup("XPlane Datarefs Front Tire Rotation")>
INFO: 		 adding dataref animation: sim/flightmodel2/gear/tire_rotation_angle_deg[0]
INFO: 		 adding keyframe:  0.000
INFO: 		 adding keyframe:  1.000
INFO: 		 checking FCurve bones["Front Tire Rotation"].xplane.datarefs[1].value Group: <bpy_struct, ActionGroup("XPlane Datarefs Front Tire Rotation")>
INFO: 		 adding dataref animation: sim/flightmodel2/gear/tire_vertical_deflection_mtr[0]
INFO: 		 adding keyframe:  0.000
INFO: 		 adding keyframe:  1.000
INFO: 		 checking animations of Front Wheel
INFO: 		 checking animations of Front Tire
INFO: 		 checking animations of Nose Gear Strut
INFO: 		 checking animations of Right Tire Rotation Arm
INFO: 		 animation found
INFO: 		 checking FCurve pose.bones["Bone"].rotation_quaternion Group: <bpy_struct, ActionGroup("Bone")>
INFO: 		 checking FCurve pose.bones["Bone"].rotation_quaternion Group: <bpy_struct, ActionGroup("Bone")>
INFO: 		 checking FCurve pose.bones["Bone"].rotation_quaternion Group: <bpy_struct, ActionGroup("Bone")>
INFO: 		 checking FCurve pose.bones["Bone"].rotation_quaternion Group: <bpy_struct, ActionGroup("Bone")>
INFO: 		 checking animations of Right Tire Rotation Arm:Bone
INFO: 		 animation found
INFO: 		 checking FCurve bones["Bone"].xplane.datarefs[0].value Group: <bpy_struct, ActionGroup("XPlane Datarefs Bone")>
INFO: 		 adding dataref animation: sim/flightmodel2/gear/tire_rotation_angle_deg[2]
INFO: 		 adding keyframe:  0.000
INFO: 		 adding keyframe:  1.000
INFO: 		 checking animations of Right Wheel
INFO: 		 checking animations of Right Tire
INFO: 		 checking animations of Left Tire Rotation Arm
INFO: 		 animation found
INFO: 		 checking FCurve pose.bones["Bone"].rotation_quaternion Group: <bpy_struct, ActionGroup("Bone")>
INFO: 		 checking FCurve pose.bones["Bone"].rotation_quaternion Group: <bpy_struct, ActionGroup("Bone")>
INFO: 		 checking FCurve pose.bones["Bone"].rotation_quaternion Group: <bpy_struct, ActionGroup("Bone")>
INFO: 		 checking FCurve pose.bones["Bone"].rotation_quaternion Group: <bpy_struct, ActionGroup("Bone")>
INFO: 		 checking animations of Left Tire Rotation Arm:Bone
INFO: 		 animation found
INFO: 		 checking FCurve bones["Bone"].xplane.datarefs[0].value Group: <bpy_struct, ActionGroup("XPlane Datarefs Bone")>
INFO: 		 adding dataref animation: sim/flightmodel2/gear/tire_rotation_angle_deg[1]
INFO: 		 adding keyframe:  0.000
INFO: 		 adding keyframe:  1.000
INFO: 		 checking animations of Left Wheel
INFO: 		 checking animations of Left Tire
INFO: 		 checking animations of Aileron
INFO: 		 checking animations of Flap
INFO: 		 checking animations of Wing
INFO: 		 checking animations of Main Gear Strut
INFO: 		 checking animations of Wing Strut
INFO: 		 checking animations of Fuselage
INFO: 		 checking animations of Horizontal Stabilizer
INFO: 		 checking animations of Elevator
INFO: 		 checking animations of Elevator Trim Tab
INFO: 		 checking animations of Rudder
INFO: scanning Nose Wheel Steering
INFO: scanning Front Tire Rotation Arm
INFO: scanning Front Wheel
INFO: scanning Front Tire
INFO: scanning Nose Gear Strut
INFO: scanning Dashboard
INFO: scanning Cockpit
INFO: scanning Right Tire Rotation Arm
INFO: scanning Right Wheel
INFO: scanning Right Tire
INFO: scanning Left Tire Rotation Arm
INFO: scanning Left Wheel
INFO: scanning Left Tire
INFO: scanning Aileron
INFO: scanning Flap
INFO: scanning Wing
INFO: scanning Main Gear Strut
INFO: scanning Rear Window
INFO: scanning Area Lighting
INFO: scanning Side Window
INFO: scanning Front Window
INFO: scanning Camera
INFO: scanning Ground
INFO: scanning Sun
INFO: scanning Wing Strut
INFO: scanning Fuselage
INFO: scanning Horizontal Stabilizer
INFO: scanning Elevator Trim Tab
INFO: scanning Elevator
INFO: scanning Rudder
INFO: 	 Dashboard: adding to list
INFO: 	 Cockpit: adding to list
INFO: 		 checking animations of Dashboard
INFO: 		 checking animations of Cockpit
INFO: scanning Nose Wheel Steering
INFO: scanning Front Tire Rotation Arm
INFO: scanning Front Wheel
INFO: scanning Front Tire
INFO: scanning Nose Gear Strut
INFO: scanning Dashboard
INFO: scanning Cockpit
INFO: scanning Right Tire Rotation Arm
INFO: scanning Right Wheel
INFO: scanning Right Tire
INFO: scanning Left Tire Rotation Arm
INFO: scanning Left Wheel
INFO: scanning Left Tire
INFO: scanning Aileron
INFO: scanning Flap
INFO: scanning Wing
INFO: scanning Main Gear Strut
INFO: scanning Rear Window
INFO: scanning Area Lighting
INFO: scanning Side Window
INFO: scanning Front Window
INFO: scanning Camera
INFO: scanning Ground
INFO: scanning Sun
INFO: scanning Wing Strut
INFO: scanning Fuselage
INFO: scanning Horizontal Stabilizer
INFO: scanning Elevator Trim Tab
INFO: scanning Elevator
INFO: scanning Rudder
INFO: 	 Rear Window: adding to list
INFO: 	 Side Window: adding to list
INFO: 	 Front Window: adding to list
INFO: 		 checking animations of Rear Window
INFO: 		 checking animations of Side Window
INFO: 		 checking animations of Front Window
INFO: Fuselage: faces 12904 | xplaneObject-faces 25808 | tris-to-quads ratio   2.00 | indices 77424 | vertices 13231
INFO: Wing: faces 10848 | xplaneObject-faces 21696 | tris-to-quads ratio   2.00 | indices 65088 | vertices 11296
INFO: Front Tire: faces 9216 | xplaneObject-faces 18432 | tris-to-quads ratio   2.00 | indices 55296 | vertices 9216
INFO: Left Tire: faces 9216 | xplaneObject-faces 18432 | tris-to-quads ratio   2.00 | indices 55296 | vertices 9216
INFO: Right Tire: faces 9216 | xplaneObject-faces 18432 | tris-to-quads ratio   2.00 | indices 55296 | vertices 9216
INFO: Elevator: faces 5304 | xplaneObject-faces 10608 | tris-to-quads ratio   2.00 | indices 31824 | vertices 5308
INFO: Horizontal Stabilizer: faces 3456 | xplaneObject-faces 6912 | tris-to-quads ratio   2.00 | indices 20736 | vertices 3460
INFO: Nose Gear Strut: faces 2880 | xplaneObject-faces 5760 | tris-to-quads ratio   2.00 | indices 17280 | vertices 2928
INFO: Rudder: faces 2432 | xplaneObject-faces 4864 | tris-to-quads ratio   2.00 | indices 14592 | vertices 2434
INFO: Main Gear Strut: faces 1920 | xplaneObject-faces 3840 | tris-to-quads ratio   2.00 | indices 11520 | vertices 1928
INFO: Wing Strut: faces 1600 | xplaneObject-faces 3200 | tris-to-quads ratio   2.00 | indices 9600 | vertices 1604
INFO: Flap: faces 1120 | xplaneObject-faces 2240 | tris-to-quads ratio   2.00 | indices 6720 | vertices 1274
INFO: Elevator Trim Tab: faces 688 | xplaneObject-faces 1376 | tris-to-quads ratio   2.00 | indices 4128 | vertices 690
INFO: Aileron: faces 384 | xplaneObject-faces 768 | tris-to-quads ratio   2.00 | indices 2304 | vertices 476
INFO: Front Wheel: faces 44 | xplaneObject-faces 60 | tris-to-quads ratio   1.36 | indices 180 | vertices 32
INFO: Left Wheel: faces 44 | xplaneObject-faces 60 | tris-to-quads ratio   1.36 | indices 180 | vertices 32
INFO: Right Wheel: faces 44 | xplaneObject-faces 60 | tris-to-quads ratio   1.36 | indices 180 | vertices 32
INFO: POINT COUNTS: faces 142548 - vertices 84098 - indices 427644
INFO: Using the following reference materials: Body Color
INFO: Writing /Users/bbaker/Desktop/X-Plane 11/Aircraft/My Planes/Cessna 150J/objects/C150J_fuselage.obj
INFO: Cockpit: faces 4540 | xplaneObject-faces 9080 | tris-to-quads ratio   2.00 | indices 27240 | vertices 4778
INFO: Dashboard: faces 232 | xplaneObject-faces 464 | tris-to-quads ratio   2.00 | indices 1392 | vertices 234
INFO: POINT COUNTS: faces 9544 - vertices 5016 - indices 28632
INFO: Using the following reference materials: Body Color
INFO: Writing /Users/bbaker/Desktop/X-Plane 11/Aircraft/My Planes/Cessna 150J/objects/C150J_cockpit.obj
INFO: Front Window: faces 1104 | xplaneObject-faces 2208 | tris-to-quads ratio   2.00 | indices 6624 | vertices 1183
INFO: Rear Window: faces 272 | xplaneObject-faces 544 | tris-to-quads ratio   2.00 | indices 1632 | vertices 354
INFO: Side Window: faces 192 | xplaneObject-faces 384 | tris-to-quads ratio   2.00 | indices 1152 | vertices 250
INFO: POINT COUNTS: faces 3136 - vertices 2325 - indices 9408
INFO: Using the following reference materials: Body Color
INFO: Writing /Users/bbaker/Desktop/X-Plane 11/Aircraft/My Planes/Cessna 150J/objects/C150J_windows.obj
